<?xml version="1.0" encoding="UTF-8"?>
<!-- Generated by org.testng.reporters.JUnitXMLReporter -->
<testsuite hostname="Lab3-6" name="Default test" tests="5" failures="0" timestamp="11 Jun 2016 07:39:01 GMT" time="0.031" errors="0">
  <testcase name="b" time="0.0" classname="testcases.Recharge"/>
  <testcase name="Hello" time="0.0" classname="testcases.Recharge"/>
  <testcase name="f" time="0.0" classname="testcases.Recharge"/>
  <testcase name="Hi" time="0.0" classname="testcases.Recharge"/>
  <testcase name="Welcome" time="0.0" classname="testcases.Recharge"/>
</testsuite> <!-- Default test -->
